<?xml version="1.0" encoding="UTF-8"?>
<testsuite name="TaskTest" tests="6" skipped="0" failures="0" errors="0" timestamp="2015-08-24T22:52:49" hostname="josss-MacBook-Pro.local" time="0.21">
  <properties/>
  <testcase name="equals_returnsTrueIfDescriptionsAretheSame" classname="TaskTest" time="0.007"/>
  <testcase name="save_returnsTrueIfDescriptionsAretheSame" classname="TaskTest" time="0.062"/>
  <testcase name="save_savesCategoryIdIntoDB_true" classname="TaskTest" time="0.047"/>
  <testcase name="all_emptyAtFirst" classname="TaskTest" time="0.013"/>
  <testcase name="save_assignsIdToObject" classname="TaskTest" time="0.019"/>
  <testcase name="find_findsTaskInDatabase_true" classname="TaskTest" time="0.062"/>
  <system-out><![CDATA[]]></system-out>
  <system-err><![CDATA[]]></system-err>
</testsuite>
