<?xml version="1.0" encoding="UTF-8"?>
<testsuite name="WordCheckerTest" tests="2" skipped="0" failures="0" errors="0" timestamp="2015-08-24T22:07:48" hostname="josss-MacBook-Pro.local" time="0.011">
  <properties/>
  <testcase name="getChanged_ReturnsnumberOfRepeatedWordsRegardlessOfCase_2" classname="WordCheckerTest" time="0.011"/>
  <testcase name="getChanged_ReturnsnumberOfRepeatedWords_2" classname="WordCheckerTest" time="0.0"/>
  <system-out><![CDATA[]]></system-out>
  <system-err><![CDATA[]]></system-err>
</testsuite>
