<?xml version="1.0" encoding="UTF-8"?>
<testsuite name="TaskTest" tests="1" skipped="0" failures="0" errors="0" timestamp="2015-08-24T22:07:47" hostname="josss-MacBook-Pro.local" time="0.735">
  <properties/>
  <testcase name="all_emptyAtFirst" classname="TaskTest" time="0.735"/>
  <system-out><![CDATA[]]></system-out>
  <system-err><![CDATA[]]></system-err>
</testsuite>
