<?xml version="1.0" encoding="UTF-8"?>
<testsuite name="TaskTest" tests="6" skipped="0" failures="0" errors="0" timestamp="2015-08-25T20:51:26" hostname="epicodus-107.local" time="0.065">
  <properties/>
  <testcase name="equals_returnsTrueIfDescriptionsAretheSame" classname="TaskTest" time="0.004"/>
  <testcase name="save_returnsTrueIfDescriptionsAretheSame" classname="TaskTest" time="0.012"/>
  <testcase name="save_savesCategoryIdIntoDB_true" classname="TaskTest" time="0.018"/>
  <testcase name="all_emptyAtFirst" classname="TaskTest" time="0.007"/>
  <testcase name="save_assignsIdToObject" classname="TaskTest" time="0.012"/>
  <testcase name="find_findsTaskInDatabase_true" classname="TaskTest" time="0.012"/>
  <system-out><![CDATA[]]></system-out>
  <system-err><![CDATA[]]></system-err>
</testsuite>
