<?xml version="1.0" encoding="UTF-8"?>
<testsuite name="TaskTest" tests="6" skipped="0" failures="0" errors="0" timestamp="2015-08-24T23:09:30" hostname="josss-MacBook-Pro.local" time="0.105">
  <properties/>
  <testcase name="equals_returnsTrueIfDescriptionsAretheSame" classname="TaskTest" time="0.008"/>
  <testcase name="save_returnsTrueIfDescriptionsAretheSame" classname="TaskTest" time="0.019"/>
  <testcase name="save_savesCategoryIdIntoDB_true" classname="TaskTest" time="0.025"/>
  <testcase name="all_emptyAtFirst" classname="TaskTest" time="0.012"/>
  <testcase name="save_assignsIdToObject" classname="TaskTest" time="0.019"/>
  <testcase name="find_findsTaskInDatabase_true" classname="TaskTest" time="0.019"/>
  <system-out><![CDATA[]]></system-out>
  <system-err><![CDATA[]]></system-err>
</testsuite>
